<?xml version="1.0" encoding="UTF-8"?>
<!-- Generated by org.testng.reporters.JUnitReportReporter -->
<testsuite hostname="CE32322" failures="0" tests="1" name="TestCases.TestCase_2" time="0.000" errors="0" timestamp="2021-03-30T15:33:17 CEST" skipped="1">
  <testcase classname="TestCases.TestCase_2" name="testCase2" time="0.000">
    <skipped/>
  </testcase> <!-- testCase2 -->
  <system-out/>
</testsuite> <!-- TestCases.TestCase_2 -->
